Setting GLOBAL environment: 417f1914d95a81699b27a369cceb6e8d139f15b2@http://localhost:9674
('url', '->', 'http://localhost:9674')
('componentKeys', '->', 'test:issue-recovery')
('token', '->', '417f1914d95a81699b27a369cceb6e8d139f15b2')
('env', '->', <sonarqube.env.Environment instance at 0x10ef89c20>)
GET: 417f1914d95a81699b27a369cceb6e8d139f15b2@http://localhost:9674/api/issues/search?componentKeys=test:issue-recovery&ps=500&statuses=CLOSED&p=1
('Number of issues: ', 5)
('Page: ', 1, '/', 1)
------ISSUE------
{
   "assignee": "simon.brandhof@sonarsource.com",
   "author": "",
   "closeDate": "2018-06-29T05:08:06-0500",
   "component": "test:issue-recovery:src/issuerecovery/IssueRecovery.java",
   "creationDate": "2018-06-29T05:01:23-0500",
   "debt": "5min",
   "effort": "5min",
   "flows": [],
   "hash": "181202701e94bdc85da4710c7d641b49",
   "key": "AWRK_YfpQZ5w2TS4xHWE",
   "message": "Remove this unused \"i\" local variable.",
   "organization": "default-organization",
   "project": "test:issue-recovery",
   "resolution": "FIXED",
   "rule": "squid:S1481",
   "severity": "MAJOR",
   "status": "CLOSED",
   "tags": [
      "unused"
   ],
   "textRange": {
      "endLine": 7,
      "endOffset": 8,
      "startLine": 7,
      "startOffset": 7
   },
   "type": "CODE_SMELL",
   "updateDate": "2018-06-29T05:08:06-0500"
}
------ISSUE------
{
   "author": "",
   "closeDate": "2018-06-29T05:08:06-0500",
   "component": "test:issue-recovery:src/issuerecovery/IssueRecovery.java",
   "creationDate": "2018-06-29T05:00:30-0500",
   "flows": [],
   "hash": "8a96ff0a0ca139a595a66c8ba26efa93",
   "key": "AWRK_LsnQZ5w2TS4xHV6",
   "message": "Complete the task associated to this TODO comment.",
   "organization": "default-organization",
   "project": "test:issue-recovery",
   "resolution": "FIXED",
   "rule": "squid:S1135",
   "severity": "MAJOR",
   "status": "CLOSED",
   "tags": [
      "cwe"
   ],
   "textRange": {
      "endLine": 13,
      "endOffset": 14,
      "startLine": 13,
      "startOffset": 0
   },
   "type": "CODE_SMELL",
   "updateDate": "2018-06-29T05:08:06-0500"
}
------ISSUE------
{
   "author": "",
   "closeDate": "2018-06-29T05:08:06-0500",
   "component": "test:issue-recovery:src/issuerecovery/IssueRecovery.java",
   "creationDate": "2018-06-29T05:00:30-0500",
   "flows": [],
   "hash": "e9580488990bb16dba2bbfdca23120d2",
   "key": "AWRK_LsnQZ5w2TS4xHV7",
   "message": "Take the required action to fix the issue indicated by this comment.",
   "organization": "default-organization",
   "project": "test:issue-recovery",
   "resolution": "FIXED",
   "rule": "squid:S1134",
   "severity": "MAJOR",
   "status": "CLOSED",
   "tags": [
      "cwe"
   ],
   "textRange": {
      "endLine": 9,
      "endOffset": 11,
      "startLine": 9,
      "startOffset": 0
   },
   "type": "VULNERABILITY",
   "updateDate": "2018-06-29T05:08:06-0500"
}
------ISSUE------
{
   "author": "",
   "closeDate": "2018-06-29T05:08:06-0500",
   "component": "test:issue-recovery:src/issuerecovery/IssueRecovery.java",
   "creationDate": "2018-06-29T05:00:30-0500",
   "debt": "5min",
   "effort": "5min",
   "flows": [],
   "hash": "636356636ee85114d2169693b9d802e0",
   "key": "AWRK_LsnQZ5w2TS4xHV8",
   "message": "Remove this unused \"k\" local variable.",
   "organization": "default-organization",
   "project": "test:issue-recovery",
   "resolution": "FIXED",
   "rule": "squid:S1481",
   "severity": "CRITICAL",
   "status": "CLOSED",
   "tags": [
      "unused"
   ],
   "textRange": {
      "endLine": 11,
      "endOffset": 8,
      "startLine": 11,
      "startOffset": 7
   },
   "type": "VULNERABILITY",
   "updateDate": "2018-06-29T05:08:06-0500"
}
------ISSUE------
{
   "author": "",
   "closeDate": "2018-06-29T05:08:06-0500",
   "component": "test:issue-recovery:src/issuerecovery/IssueRecovery.java",
   "creationDate": "2018-06-29T05:00:30-0500",
   "debt": "15min",
   "effort": "15min",
   "flows": [],
   "hash": "46e2755f90ea199a7c30e716aaccdb4f",
   "key": "AWRK_LsnQZ5w2TS4xHV9",
   "message": "Remove this useless assignment to local variable \"k\".",
   "organization": "default-organization",
   "project": "test:issue-recovery",
   "resolution": "FIXED",
   "rule": "squid:S1854",
   "severity": "MAJOR",
   "status": "CLOSED",
   "tags": [
      "cert",
      "cwe",
      "unused"
   ],
   "textRange": {
      "endLine": 11,
      "endOffset": 12,
      "startLine": 11,
      "startOffset": 9
   },
   "type": "BUG",
   "updateDate": "2018-06-29T05:08:06-0500"
}
('Number of closed issues: ', 5)
('Total number of closed issues: ', 5)
GET: 417f1914d95a81699b27a369cceb6e8d139f15b2@http://localhost:9674/api/issues/search?componentKeys=test:issue-recovery&ps=500&statuses=OPEN,CONFIRMED,REOPENED,RESOLVED&p=1
('Number of issues: ', 5)
('Page: ', 1, '/', 1)
------ISSUE------
{
   "author": "",
   "component": "test:issue-recovery:src/issuerecovery/IssueRecovery.java",
   "creationDate": "2018-06-29T05:08:26-0500",
   "debt": "5min",
   "effort": "5min",
   "flows": [],
   "hash": "181202701e94bdc85da4710c7d641b49",
   "key": "AWRLA__VQZ5w2TS4xHWf",
   "line": 7,
   "message": "Remove this unused \"i\" local variable.",
   "organization": "default-organization",
   "project": "test:issue-recovery",
   "rule": "squid:S1481",
   "severity": "MAJOR",
   "status": "OPEN",
   "tags": [
      "unused"
   ],
   "textRange": {
      "endLine": 7,
      "endOffset": 8,
      "startLine": 7,
      "startOffset": 7
   },
   "type": "CODE_SMELL",
   "updateDate": "2018-06-29T05:08:50-0500"
}
------ISSUE------
{
   "author": "",
   "component": "test:issue-recovery:src/issuerecovery/IssueRecovery.java",
   "creationDate": "2018-06-29T05:08:26-0500",
   "flows": [],
   "hash": "e9580488990bb16dba2bbfdca23120d2",
   "key": "AWRLA__VQZ5w2TS4xHWe",
   "line": 9,
   "message": "Take the required action to fix the issue indicated by this comment.",
   "organization": "default-organization",
   "project": "test:issue-recovery",
   "resolution": "WONTFIX",
   "rule": "squid:S1134",
   "severity": "MAJOR",
   "status": "RESOLVED",
   "tags": [
      "cwe"
   ],
   "textRange": {
      "endLine": 9,
      "endOffset": 11,
      "startLine": 9,
      "startOffset": 0
   },
   "type": "VULNERABILITY",
   "updateDate": "2018-06-29T05:08:50-0500"
}
------ISSUE------
{
   "author": "",
   "component": "test:issue-recovery:src/issuerecovery/IssueRecovery.java",
   "creationDate": "2018-06-29T05:08:26-0500",
   "debt": "5min",
   "effort": "5min",
   "flows": [],
   "hash": "46e2755f90ea199a7c30e716aaccdb4f",
   "key": "AWRLA__VQZ5w2TS4xHWg",
   "line": 11,
   "message": "Remove this unused \"k\" local variable.",
   "organization": "default-organization",
   "project": "test:issue-recovery",
   "rule": "squid:S1481",
   "severity": "MINOR",
   "status": "OPEN",
   "tags": [
      "unused"
   ],
   "textRange": {
      "endLine": 11,
      "endOffset": 8,
      "startLine": 11,
      "startOffset": 7
   },
   "type": "CODE_SMELL",
   "updateDate": "2018-06-29T05:08:26-0500"
}
------ISSUE------
{
   "author": "",
   "component": "test:issue-recovery:src/issuerecovery/IssueRecovery.java",
   "creationDate": "2018-06-29T05:08:26-0500",
   "debt": "15min",
   "effort": "15min",
   "flows": [],
   "hash": "46e2755f90ea199a7c30e716aaccdb4f",
   "key": "AWRLA__VQZ5w2TS4xHWh",
   "line": 11,
   "message": "Remove this useless assignment to local variable \"k\".",
   "organization": "default-organization",
   "project": "test:issue-recovery",
   "rule": "squid:S1854",
   "severity": "MAJOR",
   "status": "OPEN",
   "tags": [
      "cert",
      "cwe",
      "unused"
   ],
   "textRange": {
      "endLine": 11,
      "endOffset": 12,
      "startLine": 11,
      "startOffset": 9
   },
   "type": "BUG",
   "updateDate": "2018-06-29T05:08:50-0500"
}
------ISSUE------
{
   "author": "",
   "component": "test:issue-recovery:src/issuerecovery/IssueRecovery.java",
   "creationDate": "2018-06-29T05:08:26-0500",
   "flows": [],
   "hash": "8a96ff0a0ca139a595a66c8ba26efa93",
   "key": "AWRLA__VQZ5w2TS4xHWd",
   "line": 13,
   "message": "Complete the task associated to this TODO comment.",
   "organization": "default-organization",
   "project": "test:issue-recovery",
   "resolution": "FALSE-POSITIVE",
   "rule": "squid:S1135",
   "severity": "MAJOR",
   "status": "RESOLVED",
   "tags": [
      "cwe"
   ],
   "textRange": {
      "endLine": 13,
      "endOffset": 14,
      "startLine": 13,
      "startOffset": 0
   },
   "type": "CODE_SMELL",
   "updateDate": "2018-06-29T05:08:50-0500"
}
('Number of open issues: ', 5)
Getting changelog for issue key AWRK_YfpQZ5w2TS4xHWE
GLOBAL GET: 417f1914d95a81699b27a369cceb6e8d139f15b2@http://localhost:9674/api/issues/changelog?issue=AWRK_YfpQZ5w2TS4xHWE&format=json
------- ISS ChangeLog--------
<sonarqube.issues.IssueChangeLog instance at 0x10f05bc68>
[
   {
      "avatar": "11fd181a9599fc14e50c225334d8f3be",
      "creationDate": "2018-06-29T05:01:47-0500",
      "diffs": [
         {
            "key": "severity",
            "newValue": "MAJOR",
            "oldValue": "MINOR"
         }
      ],
      "user": "admin",
      "userName": "Administrator"
   },
   {
      "avatar": "11fd181a9599fc14e50c225334d8f3be",
      "creationDate": "2018-06-29T05:02:11-0500",
      "diffs": [
         {
            "key": "assignee",
            "newValue": "Simon Brandhof"
         }
      ],
      "user": "admin",
      "userName": "Administrator"
   },
   {
      "creationDate": "2018-06-29T05:08:06-0500",
      "diffs": [
         {
            "key": "resolution",
            "newValue": "FIXED"
         },
         {
            "key": "status",
            "newValue": "CLOSED",
            "oldValue": "OPEN"
         }
      ]
   }
]
Mistakenly closed: {
   "assignee": "simon.brandhof@sonarsource.com",
   "author": "",
   "closeDate": "2018-06-29T05:08:06-0500",
   "component": "test:issue-recovery:src/issuerecovery/IssueRecovery.java",
   "creationDate": "2018-06-29T05:01:23-0500",
   "debt": "5min",
   "effort": "5min",
   "flows": [],
   "hash": "181202701e94bdc85da4710c7d641b49",
   "key": "AWRK_YfpQZ5w2TS4xHWE",
   "message": "Remove this unused \"i\" local variable.",
   "organization": "default-organization",
   "project": "test:issue-recovery",
   "resolution": "FIXED",
   "rule": "squid:S1481",
   "severity": "MAJOR",
   "status": "CLOSED",
   "tags": [
      "unused"
   ],
   "textRange": {
      "endLine": 7,
      "endOffset": 8,
      "startLine": 7,
      "startOffset": 7
   },
   "type": "CODE_SMELL",
   "updateDate": "2018-06-29T05:08:06-0500"
}
Getting changelog for issue key AWRK_LsnQZ5w2TS4xHV6
GLOBAL GET: 417f1914d95a81699b27a369cceb6e8d139f15b2@http://localhost:9674/api/issues/changelog?issue=AWRK_LsnQZ5w2TS4xHV6&format=json
------- ISS ChangeLog--------
<sonarqube.issues.IssueChangeLog instance at 0x10efbc6c8>
[
   {
      "avatar": "11fd181a9599fc14e50c225334d8f3be",
      "creationDate": "2018-06-29T05:02:04-0500",
      "diffs": [
         {
            "key": "severity",
            "newValue": "MAJOR",
            "oldValue": "INFO"
         }
      ],
      "user": "admin",
      "userName": "Administrator"
   },
   {
      "avatar": "11fd181a9599fc14e50c225334d8f3be",
      "creationDate": "2018-06-29T05:03:30-0500",
      "diffs": [
         {
            "key": "resolution",
            "newValue": "FALSE-POSITIVE"
         },
         {
            "key": "status",
            "newValue": "RESOLVED",
            "oldValue": "OPEN"
         }
      ],
      "user": "admin",
      "userName": "Administrator"
   },
   {
      "creationDate": "2018-06-29T05:08:06-0500",
      "diffs": [
         {
            "key": "resolution",
            "newValue": "FIXED",
            "oldValue": "FALSE-POSITIVE"
         },
         {
            "key": "status",
            "newValue": "CLOSED",
            "oldValue": "RESOLVED"
         }
      ]
   }
]
Mistakenly closed: {
   "author": "",
   "closeDate": "2018-06-29T05:08:06-0500",
   "component": "test:issue-recovery:src/issuerecovery/IssueRecovery.java",
   "creationDate": "2018-06-29T05:00:30-0500",
   "flows": [],
   "hash": "8a96ff0a0ca139a595a66c8ba26efa93",
   "key": "AWRK_LsnQZ5w2TS4xHV6",
   "message": "Complete the task associated to this TODO comment.",
   "organization": "default-organization",
   "project": "test:issue-recovery",
   "resolution": "FIXED",
   "rule": "squid:S1135",
   "severity": "MAJOR",
   "status": "CLOSED",
   "tags": [
      "cwe"
   ],
   "textRange": {
      "endLine": 13,
      "endOffset": 14,
      "startLine": 13,
      "startOffset": 0
   },
   "type": "CODE_SMELL",
   "updateDate": "2018-06-29T05:08:06-0500"
}
Getting changelog for issue key AWRK_LsnQZ5w2TS4xHV7
GLOBAL GET: 417f1914d95a81699b27a369cceb6e8d139f15b2@http://localhost:9674/api/issues/changelog?issue=AWRK_LsnQZ5w2TS4xHV7&format=json
------- ISS ChangeLog--------
<sonarqube.issues.IssueChangeLog instance at 0x10efc1cf8>
[
   {
      "avatar": "11fd181a9599fc14e50c225334d8f3be",
      "creationDate": "2018-06-29T05:01:55-0500",
      "diffs": [
         {
            "key": "type",
            "newValue": "VULNERABILITY",
            "oldValue": "CODE_SMELL"
         }
      ],
      "user": "admin",
      "userName": "Administrator"
   },
   {
      "avatar": "11fd181a9599fc14e50c225334d8f3be",
      "creationDate": "2018-06-29T05:03:47-0500",
      "diffs": [
         {
            "key": "resolution",
            "newValue": "WONTFIX"
         },
         {
            "key": "status",
            "newValue": "RESOLVED",
            "oldValue": "OPEN"
         }
      ],
      "user": "admin",
      "userName": "Administrator"
   },
   {
      "creationDate": "2018-06-29T05:08:06-0500",
      "diffs": [
         {
            "key": "resolution",
            "newValue": "FIXED",
            "oldValue": "WONTFIX"
         },
         {
            "key": "status",
            "newValue": "CLOSED",
            "oldValue": "RESOLVED"
         }
      ]
   }
]
Mistakenly closed: {
   "author": "",
   "closeDate": "2018-06-29T05:08:06-0500",
   "component": "test:issue-recovery:src/issuerecovery/IssueRecovery.java",
   "creationDate": "2018-06-29T05:00:30-0500",
   "flows": [],
   "hash": "e9580488990bb16dba2bbfdca23120d2",
   "key": "AWRK_LsnQZ5w2TS4xHV7",
   "message": "Take the required action to fix the issue indicated by this comment.",
   "organization": "default-organization",
   "project": "test:issue-recovery",
   "resolution": "FIXED",
   "rule": "squid:S1134",
   "severity": "MAJOR",
   "status": "CLOSED",
   "tags": [
      "cwe"
   ],
   "textRange": {
      "endLine": 9,
      "endOffset": 11,
      "startLine": 9,
      "startOffset": 0
   },
   "type": "VULNERABILITY",
   "updateDate": "2018-06-29T05:08:06-0500"
}
Getting changelog for issue key AWRK_LsnQZ5w2TS4xHV8
GLOBAL GET: 417f1914d95a81699b27a369cceb6e8d139f15b2@http://localhost:9674/api/issues/changelog?issue=AWRK_LsnQZ5w2TS4xHV8&format=json
------- ISS ChangeLog--------
<sonarqube.issues.IssueChangeLog instance at 0x10efcc368>
[
   {
      "avatar": "11fd181a9599fc14e50c225334d8f3be",
      "creationDate": "2018-06-29T05:01:51-0500",
      "diffs": [
         {
            "key": "severity",
            "newValue": "CRITICAL",
            "oldValue": "MINOR"
         }
      ],
      "user": "admin",
      "userName": "Administrator"
   },
   {
      "avatar": "11fd181a9599fc14e50c225334d8f3be",
      "creationDate": "2018-06-29T05:05:36-0500",
      "diffs": [
         {
            "key": "type",
            "newValue": "VULNERABILITY",
            "oldValue": "CODE_SMELL"
         }
      ],
      "user": "admin",
      "userName": "Administrator"
   },
   {
      "creationDate": "2018-06-29T05:08:06-0500",
      "diffs": [
         {
            "key": "resolution",
            "newValue": "FIXED"
         },
         {
            "key": "status",
            "newValue": "CLOSED",
            "oldValue": "OPEN"
         }
      ]
   }
]
Mistakenly closed: {
   "author": "",
   "closeDate": "2018-06-29T05:08:06-0500",
   "component": "test:issue-recovery:src/issuerecovery/IssueRecovery.java",
   "creationDate": "2018-06-29T05:00:30-0500",
   "debt": "5min",
   "effort": "5min",
   "flows": [],
   "hash": "636356636ee85114d2169693b9d802e0",
   "key": "AWRK_LsnQZ5w2TS4xHV8",
   "message": "Remove this unused \"k\" local variable.",
   "organization": "default-organization",
   "project": "test:issue-recovery",
   "resolution": "FIXED",
   "rule": "squid:S1481",
   "severity": "CRITICAL",
   "status": "CLOSED",
   "tags": [
      "unused"
   ],
   "textRange": {
      "endLine": 11,
      "endOffset": 8,
      "startLine": 11,
      "startOffset": 7
   },
   "type": "VULNERABILITY",
   "updateDate": "2018-06-29T05:08:06-0500"
}
Getting changelog for issue key AWRK_LsnQZ5w2TS4xHV9
GLOBAL GET: 417f1914d95a81699b27a369cceb6e8d139f15b2@http://localhost:9674/api/issues/changelog?issue=AWRK_LsnQZ5w2TS4xHV9&format=json
------- ISS ChangeLog--------
<sonarqube.issues.IssueChangeLog instance at 0x10efd0320>
[
   {
      "avatar": "11fd181a9599fc14e50c225334d8f3be",
      "creationDate": "2018-06-29T05:01:58-0500",
      "diffs": [
         {
            "key": "type",
            "newValue": "BUG",
            "oldValue": "CODE_SMELL"
         }
      ],
      "user": "admin",
      "userName": "Administrator"
   },
   {
      "creationDate": "2018-06-29T05:08:06-0500",
      "diffs": [
         {
            "key": "resolution",
            "newValue": "FIXED"
         },
         {
            "key": "status",
            "newValue": "CLOSED",
            "oldValue": "OPEN"
         }
      ]
   }
]
Mistakenly closed: {
   "author": "",
   "closeDate": "2018-06-29T05:08:06-0500",
   "component": "test:issue-recovery:src/issuerecovery/IssueRecovery.java",
   "creationDate": "2018-06-29T05:00:30-0500",
   "debt": "15min",
   "effort": "15min",
   "flows": [],
   "hash": "46e2755f90ea199a7c30e716aaccdb4f",
   "key": "AWRK_LsnQZ5w2TS4xHV9",
   "message": "Remove this useless assignment to local variable \"k\".",
   "organization": "default-organization",
   "project": "test:issue-recovery",
   "resolution": "FIXED",
   "rule": "squid:S1854",
   "severity": "MAJOR",
   "status": "CLOSED",
   "tags": [
      "cert",
      "cwe",
      "unused"
   ],
   "textRange": {
      "endLine": 11,
      "endOffset": 12,
      "startLine": 11,
      "startOffset": 9
   },
   "type": "BUG",
   "updateDate": "2018-06-29T05:08:06-0500"
}
('Number of mistakenly closed issues: ', 5)
('Searching sibling for issue key: ', u'AWRK_YfpQZ5w2TS4xHWE')
===============
Comparing potential siblings:
{
   "author": "",
   "component": "test:issue-recovery:src/issuerecovery/IssueRecovery.java",
   "creationDate": "2018-06-29T05:08:26-0500",
   "debt": "5min",
   "effort": "5min",
   "flows": [],
   "hash": "181202701e94bdc85da4710c7d641b49",
   "key": "AWRLA__VQZ5w2TS4xHWf",
   "line": 7,
   "message": "Remove this unused \"i\" local variable.",
   "organization": "default-organization",
   "project": "test:issue-recovery",
   "rule": "squid:S1481",
   "severity": "MAJOR",
   "status": "OPEN",
   "tags": [
      "unused"
   ],
   "textRange": {
      "endLine": 7,
      "endOffset": 8,
      "startLine": 7,
      "startOffset": 7
   },
   "type": "CODE_SMELL",
   "updateDate": "2018-06-29T05:08:50-0500"
}
{
   "assignee": "simon.brandhof@sonarsource.com",
   "author": "",
   "closeDate": "2018-06-29T05:08:06-0500",
   "component": "test:issue-recovery:src/issuerecovery/IssueRecovery.java",
   "creationDate": "2018-06-29T05:01:23-0500",
   "debt": "5min",
   "effort": "5min",
   "flows": [],
   "hash": "181202701e94bdc85da4710c7d641b49",
   "key": "AWRK_YfpQZ5w2TS4xHWE",
   "message": "Remove this unused \"i\" local variable.",
   "organization": "default-organization",
   "project": "test:issue-recovery",
   "resolution": "FIXED",
   "rule": "squid:S1481",
   "severity": "MAJOR",
   "status": "CLOSED",
   "tags": [
      "unused"
   ],
   "textRange": {
      "endLine": 7,
      "endOffset": 8,
      "startLine": 7,
      "startOffset": 7
   },
   "type": "CODE_SMELL",
   "updateDate": "2018-06-29T05:08:06-0500"
}
===============
True
===============
===============
Comparing potential siblings:
{
   "author": "",
   "component": "test:issue-recovery:src/issuerecovery/IssueRecovery.java",
   "creationDate": "2018-06-29T05:08:26-0500",
   "flows": [],
   "hash": "e9580488990bb16dba2bbfdca23120d2",
   "key": "AWRLA__VQZ5w2TS4xHWe",
   "line": 9,
   "message": "Take the required action to fix the issue indicated by this comment.",
   "organization": "default-organization",
   "project": "test:issue-recovery",
   "resolution": "WONTFIX",
   "rule": "squid:S1134",
   "severity": "MAJOR",
   "status": "RESOLVED",
   "tags": [
      "cwe"
   ],
   "textRange": {
      "endLine": 9,
      "endOffset": 11,
      "startLine": 9,
      "startOffset": 0
   },
   "type": "VULNERABILITY",
   "updateDate": "2018-06-29T05:08:50-0500"
}
{
   "assignee": "simon.brandhof@sonarsource.com",
   "author": "",
   "closeDate": "2018-06-29T05:08:06-0500",
   "component": "test:issue-recovery:src/issuerecovery/IssueRecovery.java",
   "creationDate": "2018-06-29T05:01:23-0500",
   "debt": "5min",
   "effort": "5min",
   "flows": [],
   "hash": "181202701e94bdc85da4710c7d641b49",
   "key": "AWRK_YfpQZ5w2TS4xHWE",
   "message": "Remove this unused \"i\" local variable.",
   "organization": "default-organization",
   "project": "test:issue-recovery",
   "resolution": "FIXED",
   "rule": "squid:S1481",
   "severity": "MAJOR",
   "status": "CLOSED",
   "tags": [
      "unused"
   ],
   "textRange": {
      "endLine": 7,
      "endOffset": 8,
      "startLine": 7,
      "startOffset": 7
   },
   "type": "CODE_SMELL",
   "updateDate": "2018-06-29T05:08:06-0500"
}
===============
False
===============
===============
Comparing potential siblings:
{
   "author": "",
   "component": "test:issue-recovery:src/issuerecovery/IssueRecovery.java",
   "creationDate": "2018-06-29T05:08:26-0500",
   "debt": "5min",
   "effort": "5min",
   "flows": [],
   "hash": "46e2755f90ea199a7c30e716aaccdb4f",
   "key": "AWRLA__VQZ5w2TS4xHWg",
   "line": 11,
   "message": "Remove this unused \"k\" local variable.",
   "organization": "default-organization",
   "project": "test:issue-recovery",
   "rule": "squid:S1481",
   "severity": "MINOR",
   "status": "OPEN",
   "tags": [
      "unused"
   ],
   "textRange": {
      "endLine": 11,
      "endOffset": 8,
      "startLine": 11,
      "startOffset": 7
   },
   "type": "CODE_SMELL",
   "updateDate": "2018-06-29T05:08:26-0500"
}
{
   "assignee": "simon.brandhof@sonarsource.com",
   "author": "",
   "closeDate": "2018-06-29T05:08:06-0500",
   "component": "test:issue-recovery:src/issuerecovery/IssueRecovery.java",
   "creationDate": "2018-06-29T05:01:23-0500",
   "debt": "5min",
   "effort": "5min",
   "flows": [],
   "hash": "181202701e94bdc85da4710c7d641b49",
   "key": "AWRK_YfpQZ5w2TS4xHWE",
   "message": "Remove this unused \"i\" local variable.",
   "organization": "default-organization",
   "project": "test:issue-recovery",
   "resolution": "FIXED",
   "rule": "squid:S1481",
   "severity": "MAJOR",
   "status": "CLOSED",
   "tags": [
      "unused"
   ],
   "textRange": {
      "endLine": 7,
      "endOffset": 8,
      "startLine": 7,
      "startOffset": 7
   },
   "type": "CODE_SMELL",
   "updateDate": "2018-06-29T05:08:06-0500"
}
===============
False
===============
===============
Comparing potential siblings:
{
   "author": "",
   "component": "test:issue-recovery:src/issuerecovery/IssueRecovery.java",
   "creationDate": "2018-06-29T05:08:26-0500",
   "debt": "15min",
   "effort": "15min",
   "flows": [],
   "hash": "46e2755f90ea199a7c30e716aaccdb4f",
   "key": "AWRLA__VQZ5w2TS4xHWh",
   "line": 11,
   "message": "Remove this useless assignment to local variable \"k\".",
   "organization": "default-organization",
   "project": "test:issue-recovery",
   "rule": "squid:S1854",
   "severity": "MAJOR",
   "status": "OPEN",
   "tags": [
      "cert",
      "cwe",
      "unused"
   ],
   "textRange": {
      "endLine": 11,
      "endOffset": 12,
      "startLine": 11,
      "startOffset": 9
   },
   "type": "BUG",
   "updateDate": "2018-06-29T05:08:50-0500"
}
{
   "assignee": "simon.brandhof@sonarsource.com",
   "author": "",
   "closeDate": "2018-06-29T05:08:06-0500",
   "component": "test:issue-recovery:src/issuerecovery/IssueRecovery.java",
   "creationDate": "2018-06-29T05:01:23-0500",
   "debt": "5min",
   "effort": "5min",
   "flows": [],
   "hash": "181202701e94bdc85da4710c7d641b49",
   "key": "AWRK_YfpQZ5w2TS4xHWE",
   "message": "Remove this unused \"i\" local variable.",
   "organization": "default-organization",
   "project": "test:issue-recovery",
   "resolution": "FIXED",
   "rule": "squid:S1481",
   "severity": "MAJOR",
   "status": "CLOSED",
   "tags": [
      "unused"
   ],
   "textRange": {
      "endLine": 7,
      "endOffset": 8,
      "startLine": 7,
      "startOffset": 7
   },
   "type": "CODE_SMELL",
   "updateDate": "2018-06-29T05:08:06-0500"
}
===============
False
===============
===============
Comparing potential siblings:
{
   "author": "",
   "component": "test:issue-recovery:src/issuerecovery/IssueRecovery.java",
   "creationDate": "2018-06-29T05:08:26-0500",
   "flows": [],
   "hash": "8a96ff0a0ca139a595a66c8ba26efa93",
   "key": "AWRLA__VQZ5w2TS4xHWd",
   "line": 13,
   "message": "Complete the task associated to this TODO comment.",
   "organization": "default-organization",
   "project": "test:issue-recovery",
   "resolution": "FALSE-POSITIVE",
   "rule": "squid:S1135",
   "severity": "MAJOR",
   "status": "RESOLVED",
   "tags": [
      "cwe"
   ],
   "textRange": {
      "endLine": 13,
      "endOffset": 14,
      "startLine": 13,
      "startOffset": 0
   },
   "type": "CODE_SMELL",
   "updateDate": "2018-06-29T05:08:50-0500"
}
{
   "assignee": "simon.brandhof@sonarsource.com",
   "author": "",
   "closeDate": "2018-06-29T05:08:06-0500",
   "component": "test:issue-recovery:src/issuerecovery/IssueRecovery.java",
   "creationDate": "2018-06-29T05:01:23-0500",
   "debt": "5min",
   "effort": "5min",
   "flows": [],
   "hash": "181202701e94bdc85da4710c7d641b49",
   "key": "AWRK_YfpQZ5w2TS4xHWE",
   "message": "Remove this unused \"i\" local variable.",
   "organization": "default-organization",
   "project": "test:issue-recovery",
   "resolution": "FIXED",
   "rule": "squid:S1481",
   "severity": "MAJOR",
   "status": "CLOSED",
   "tags": [
      "unused"
   ],
   "textRange": {
      "endLine": 7,
      "endOffset": 8,
      "startLine": 7,
      "startOffset": 7
   },
   "type": "CODE_SMELL",
   "updateDate": "2018-06-29T05:08:06-0500"
}
===============
False
===============
('Number of siblings: ', 1)
   Automatically applying changelog
   Not joking I am doing it
GLOBAL POST: 417f1914d95a81699b27a369cceb6e8d139f15b2@http://localhost:9674/api/issues/set_severity?issue=AWRLA__VQZ5w2TS4xHWf&severity=MAJOR
GLOBAL POST: 417f1914d95a81699b27a369cceb6e8d139f15b2@http://localhost:9674/api/issues/assign?assignee=Simon Brandhof&issue=AWRLA__VQZ5w2TS4xHWf
HTTP Error 404 from SonarQube API query
Closed sibling has no changelog
('Searching sibling for issue key: ', u'AWRK_LsnQZ5w2TS4xHV6')
===============
Comparing potential siblings:
{
   "author": "",
   "component": "test:issue-recovery:src/issuerecovery/IssueRecovery.java",
   "creationDate": "2018-06-29T05:08:26-0500",
   "debt": "5min",
   "effort": "5min",
   "flows": [],
   "hash": "181202701e94bdc85da4710c7d641b49",
   "key": "AWRLA__VQZ5w2TS4xHWf",
   "line": 7,
   "message": "Remove this unused \"i\" local variable.",
   "organization": "default-organization",
   "project": "test:issue-recovery",
   "rule": "squid:S1481",
   "severity": "MAJOR",
   "status": "OPEN",
   "tags": [
      "unused"
   ],
   "textRange": {
      "endLine": 7,
      "endOffset": 8,
      "startLine": 7,
      "startOffset": 7
   },
   "type": "CODE_SMELL",
   "updateDate": "2018-06-29T05:08:50-0500"
}
{
   "author": "",
   "closeDate": "2018-06-29T05:08:06-0500",
   "component": "test:issue-recovery:src/issuerecovery/IssueRecovery.java",
   "creationDate": "2018-06-29T05:00:30-0500",
   "flows": [],
   "hash": "8a96ff0a0ca139a595a66c8ba26efa93",
   "key": "AWRK_LsnQZ5w2TS4xHV6",
   "message": "Complete the task associated to this TODO comment.",
   "organization": "default-organization",
   "project": "test:issue-recovery",
   "resolution": "FIXED",
   "rule": "squid:S1135",
   "severity": "MAJOR",
   "status": "CLOSED",
   "tags": [
      "cwe"
   ],
   "textRange": {
      "endLine": 13,
      "endOffset": 14,
      "startLine": 13,
      "startOffset": 0
   },
   "type": "CODE_SMELL",
   "updateDate": "2018-06-29T05:08:06-0500"
}
===============
False
===============
===============
Comparing potential siblings:
{
   "author": "",
   "component": "test:issue-recovery:src/issuerecovery/IssueRecovery.java",
   "creationDate": "2018-06-29T05:08:26-0500",
   "flows": [],
   "hash": "e9580488990bb16dba2bbfdca23120d2",
   "key": "AWRLA__VQZ5w2TS4xHWe",
   "line": 9,
   "message": "Take the required action to fix the issue indicated by this comment.",
   "organization": "default-organization",
   "project": "test:issue-recovery",
   "resolution": "WONTFIX",
   "rule": "squid:S1134",
   "severity": "MAJOR",
   "status": "RESOLVED",
   "tags": [
      "cwe"
   ],
   "textRange": {
      "endLine": 9,
      "endOffset": 11,
      "startLine": 9,
      "startOffset": 0
   },
   "type": "VULNERABILITY",
   "updateDate": "2018-06-29T05:08:50-0500"
}
{
   "author": "",
   "closeDate": "2018-06-29T05:08:06-0500",
   "component": "test:issue-recovery:src/issuerecovery/IssueRecovery.java",
   "creationDate": "2018-06-29T05:00:30-0500",
   "flows": [],
   "hash": "8a96ff0a0ca139a595a66c8ba26efa93",
   "key": "AWRK_LsnQZ5w2TS4xHV6",
   "message": "Complete the task associated to this TODO comment.",
   "organization": "default-organization",
   "project": "test:issue-recovery",
   "resolution": "FIXED",
   "rule": "squid:S1135",
   "severity": "MAJOR",
   "status": "CLOSED",
   "tags": [
      "cwe"
   ],
   "textRange": {
      "endLine": 13,
      "endOffset": 14,
      "startLine": 13,
      "startOffset": 0
   },
   "type": "CODE_SMELL",
   "updateDate": "2018-06-29T05:08:06-0500"
}
===============
False
===============
===============
Comparing potential siblings:
{
   "author": "",
   "component": "test:issue-recovery:src/issuerecovery/IssueRecovery.java",
   "creationDate": "2018-06-29T05:08:26-0500",
   "debt": "5min",
   "effort": "5min",
   "flows": [],
   "hash": "46e2755f90ea199a7c30e716aaccdb4f",
   "key": "AWRLA__VQZ5w2TS4xHWg",
   "line": 11,
   "message": "Remove this unused \"k\" local variable.",
   "organization": "default-organization",
   "project": "test:issue-recovery",
   "rule": "squid:S1481",
   "severity": "MINOR",
   "status": "OPEN",
   "tags": [
      "unused"
   ],
   "textRange": {
      "endLine": 11,
      "endOffset": 8,
      "startLine": 11,
      "startOffset": 7
   },
   "type": "CODE_SMELL",
   "updateDate": "2018-06-29T05:08:26-0500"
}
{
   "author": "",
   "closeDate": "2018-06-29T05:08:06-0500",
   "component": "test:issue-recovery:src/issuerecovery/IssueRecovery.java",
   "creationDate": "2018-06-29T05:00:30-0500",
   "flows": [],
   "hash": "8a96ff0a0ca139a595a66c8ba26efa93",
   "key": "AWRK_LsnQZ5w2TS4xHV6",
   "message": "Complete the task associated to this TODO comment.",
   "organization": "default-organization",
   "project": "test:issue-recovery",
   "resolution": "FIXED",
   "rule": "squid:S1135",
   "severity": "MAJOR",
   "status": "CLOSED",
   "tags": [
      "cwe"
   ],
   "textRange": {
      "endLine": 13,
      "endOffset": 14,
      "startLine": 13,
      "startOffset": 0
   },
   "type": "CODE_SMELL",
   "updateDate": "2018-06-29T05:08:06-0500"
}
===============
False
===============
===============
Comparing potential siblings:
{
   "author": "",
   "component": "test:issue-recovery:src/issuerecovery/IssueRecovery.java",
   "creationDate": "2018-06-29T05:08:26-0500",
   "debt": "15min",
   "effort": "15min",
   "flows": [],
   "hash": "46e2755f90ea199a7c30e716aaccdb4f",
   "key": "AWRLA__VQZ5w2TS4xHWh",
   "line": 11,
   "message": "Remove this useless assignment to local variable \"k\".",
   "organization": "default-organization",
   "project": "test:issue-recovery",
   "rule": "squid:S1854",
   "severity": "MAJOR",
   "status": "OPEN",
   "tags": [
      "cert",
      "cwe",
      "unused"
   ],
   "textRange": {
      "endLine": 11,
      "endOffset": 12,
      "startLine": 11,
      "startOffset": 9
   },
   "type": "BUG",
   "updateDate": "2018-06-29T05:08:50-0500"
}
{
   "author": "",
   "closeDate": "2018-06-29T05:08:06-0500",
   "component": "test:issue-recovery:src/issuerecovery/IssueRecovery.java",
   "creationDate": "2018-06-29T05:00:30-0500",
   "flows": [],
   "hash": "8a96ff0a0ca139a595a66c8ba26efa93",
   "key": "AWRK_LsnQZ5w2TS4xHV6",
   "message": "Complete the task associated to this TODO comment.",
   "organization": "default-organization",
   "project": "test:issue-recovery",
   "resolution": "FIXED",
   "rule": "squid:S1135",
   "severity": "MAJOR",
   "status": "CLOSED",
   "tags": [
      "cwe"
   ],
   "textRange": {
      "endLine": 13,
      "endOffset": 14,
      "startLine": 13,
      "startOffset": 0
   },
   "type": "CODE_SMELL",
   "updateDate": "2018-06-29T05:08:06-0500"
}
===============
False
===============
===============
Comparing potential siblings:
{
   "author": "",
   "component": "test:issue-recovery:src/issuerecovery/IssueRecovery.java",
   "creationDate": "2018-06-29T05:08:26-0500",
   "flows": [],
   "hash": "8a96ff0a0ca139a595a66c8ba26efa93",
   "key": "AWRLA__VQZ5w2TS4xHWd",
   "line": 13,
   "message": "Complete the task associated to this TODO comment.",
   "organization": "default-organization",
   "project": "test:issue-recovery",
   "resolution": "FALSE-POSITIVE",
   "rule": "squid:S1135",
   "severity": "MAJOR",
   "status": "RESOLVED",
   "tags": [
      "cwe"
   ],
   "textRange": {
      "endLine": 13,
      "endOffset": 14,
      "startLine": 13,
      "startOffset": 0
   },
   "type": "CODE_SMELL",
   "updateDate": "2018-06-29T05:08:50-0500"
}
{
   "author": "",
   "closeDate": "2018-06-29T05:08:06-0500",
   "component": "test:issue-recovery:src/issuerecovery/IssueRecovery.java",
   "creationDate": "2018-06-29T05:00:30-0500",
   "flows": [],
   "hash": "8a96ff0a0ca139a595a66c8ba26efa93",
   "key": "AWRK_LsnQZ5w2TS4xHV6",
   "message": "Complete the task associated to this TODO comment.",
   "organization": "default-organization",
   "project": "test:issue-recovery",
   "resolution": "FIXED",
   "rule": "squid:S1135",
   "severity": "MAJOR",
   "status": "CLOSED",
   "tags": [
      "cwe"
   ],
   "textRange": {
      "endLine": 13,
      "endOffset": 14,
      "startLine": 13,
      "startOffset": 0
   },
   "type": "CODE_SMELL",
   "updateDate": "2018-06-29T05:08:06-0500"
}
===============
True
===============
('Number of siblings: ', 1)
   Automatically applying changelog
   Not joking I am doing it
GLOBAL POST: 417f1914d95a81699b27a369cceb6e8d139f15b2@http://localhost:9674/api/issues/set_severity?issue=AWRLA__VQZ5w2TS4xHWd&severity=MAJOR
GLOBAL POST: 417f1914d95a81699b27a369cceb6e8d139f15b2@http://localhost:9674/api/issues/do_transition?transition=falsepositive&issue=AWRLA__VQZ5w2TS4xHWd
HTTP Error 400 from SonarQube API query
Closed sibling has no changelog
('Searching sibling for issue key: ', u'AWRK_LsnQZ5w2TS4xHV7')
===============
Comparing potential siblings:
{
   "author": "",
   "component": "test:issue-recovery:src/issuerecovery/IssueRecovery.java",
   "creationDate": "2018-06-29T05:08:26-0500",
   "debt": "5min",
   "effort": "5min",
   "flows": [],
   "hash": "181202701e94bdc85da4710c7d641b49",
   "key": "AWRLA__VQZ5w2TS4xHWf",
   "line": 7,
   "message": "Remove this unused \"i\" local variable.",
   "organization": "default-organization",
   "project": "test:issue-recovery",
   "rule": "squid:S1481",
   "severity": "MAJOR",
   "status": "OPEN",
   "tags": [
      "unused"
   ],
   "textRange": {
      "endLine": 7,
      "endOffset": 8,
      "startLine": 7,
      "startOffset": 7
   },
   "type": "CODE_SMELL",
   "updateDate": "2018-06-29T05:08:50-0500"
}
{
   "author": "",
   "closeDate": "2018-06-29T05:08:06-0500",
   "component": "test:issue-recovery:src/issuerecovery/IssueRecovery.java",
   "creationDate": "2018-06-29T05:00:30-0500",
   "flows": [],
   "hash": "e9580488990bb16dba2bbfdca23120d2",
   "key": "AWRK_LsnQZ5w2TS4xHV7",
   "message": "Take the required action to fix the issue indicated by this comment.",
   "organization": "default-organization",
   "project": "test:issue-recovery",
   "resolution": "FIXED",
   "rule": "squid:S1134",
   "severity": "MAJOR",
   "status": "CLOSED",
   "tags": [
      "cwe"
   ],
   "textRange": {
      "endLine": 9,
      "endOffset": 11,
      "startLine": 9,
      "startOffset": 0
   },
   "type": "VULNERABILITY",
   "updateDate": "2018-06-29T05:08:06-0500"
}
===============
False
===============
===============
Comparing potential siblings:
{
   "author": "",
   "component": "test:issue-recovery:src/issuerecovery/IssueRecovery.java",
   "creationDate": "2018-06-29T05:08:26-0500",
   "flows": [],
   "hash": "e9580488990bb16dba2bbfdca23120d2",
   "key": "AWRLA__VQZ5w2TS4xHWe",
   "line": 9,
   "message": "Take the required action to fix the issue indicated by this comment.",
   "organization": "default-organization",
   "project": "test:issue-recovery",
   "resolution": "WONTFIX",
   "rule": "squid:S1134",
   "severity": "MAJOR",
   "status": "RESOLVED",
   "tags": [
      "cwe"
   ],
   "textRange": {
      "endLine": 9,
      "endOffset": 11,
      "startLine": 9,
      "startOffset": 0
   },
   "type": "VULNERABILITY",
   "updateDate": "2018-06-29T05:08:50-0500"
}
{
   "author": "",
   "closeDate": "2018-06-29T05:08:06-0500",
   "component": "test:issue-recovery:src/issuerecovery/IssueRecovery.java",
   "creationDate": "2018-06-29T05:00:30-0500",
   "flows": [],
   "hash": "e9580488990bb16dba2bbfdca23120d2",
   "key": "AWRK_LsnQZ5w2TS4xHV7",
   "message": "Take the required action to fix the issue indicated by this comment.",
   "organization": "default-organization",
   "project": "test:issue-recovery",
   "resolution": "FIXED",
   "rule": "squid:S1134",
   "severity": "MAJOR",
   "status": "CLOSED",
   "tags": [
      "cwe"
   ],
   "textRange": {
      "endLine": 9,
      "endOffset": 11,
      "startLine": 9,
      "startOffset": 0
   },
   "type": "VULNERABILITY",
   "updateDate": "2018-06-29T05:08:06-0500"
}
===============
True
===============
===============
Comparing potential siblings:
{
   "author": "",
   "component": "test:issue-recovery:src/issuerecovery/IssueRecovery.java",
   "creationDate": "2018-06-29T05:08:26-0500",
   "debt": "5min",
   "effort": "5min",
   "flows": [],
   "hash": "46e2755f90ea199a7c30e716aaccdb4f",
   "key": "AWRLA__VQZ5w2TS4xHWg",
   "line": 11,
   "message": "Remove this unused \"k\" local variable.",
   "organization": "default-organization",
   "project": "test:issue-recovery",
   "rule": "squid:S1481",
   "severity": "MINOR",
   "status": "OPEN",
   "tags": [
      "unused"
   ],
   "textRange": {
      "endLine": 11,
      "endOffset": 8,
      "startLine": 11,
      "startOffset": 7
   },
   "type": "CODE_SMELL",
   "updateDate": "2018-06-29T05:08:26-0500"
}
{
   "author": "",
   "closeDate": "2018-06-29T05:08:06-0500",
   "component": "test:issue-recovery:src/issuerecovery/IssueRecovery.java",
   "creationDate": "2018-06-29T05:00:30-0500",
   "flows": [],
   "hash": "e9580488990bb16dba2bbfdca23120d2",
   "key": "AWRK_LsnQZ5w2TS4xHV7",
   "message": "Take the required action to fix the issue indicated by this comment.",
   "organization": "default-organization",
   "project": "test:issue-recovery",
   "resolution": "FIXED",
   "rule": "squid:S1134",
   "severity": "MAJOR",
   "status": "CLOSED",
   "tags": [
      "cwe"
   ],
   "textRange": {
      "endLine": 9,
      "endOffset": 11,
      "startLine": 9,
      "startOffset": 0
   },
   "type": "VULNERABILITY",
   "updateDate": "2018-06-29T05:08:06-0500"
}
===============
False
===============
===============
Comparing potential siblings:
{
   "author": "",
   "component": "test:issue-recovery:src/issuerecovery/IssueRecovery.java",
   "creationDate": "2018-06-29T05:08:26-0500",
   "debt": "15min",
   "effort": "15min",
   "flows": [],
   "hash": "46e2755f90ea199a7c30e716aaccdb4f",
   "key": "AWRLA__VQZ5w2TS4xHWh",
   "line": 11,
   "message": "Remove this useless assignment to local variable \"k\".",
   "organization": "default-organization",
   "project": "test:issue-recovery",
   "rule": "squid:S1854",
   "severity": "MAJOR",
   "status": "OPEN",
   "tags": [
      "cert",
      "cwe",
      "unused"
   ],
   "textRange": {
      "endLine": 11,
      "endOffset": 12,
      "startLine": 11,
      "startOffset": 9
   },
   "type": "BUG",
   "updateDate": "2018-06-29T05:08:50-0500"
}
{
   "author": "",
   "closeDate": "2018-06-29T05:08:06-0500",
   "component": "test:issue-recovery:src/issuerecovery/IssueRecovery.java",
   "creationDate": "2018-06-29T05:00:30-0500",
   "flows": [],
   "hash": "e9580488990bb16dba2bbfdca23120d2",
   "key": "AWRK_LsnQZ5w2TS4xHV7",
   "message": "Take the required action to fix the issue indicated by this comment.",
   "organization": "default-organization",
   "project": "test:issue-recovery",
   "resolution": "FIXED",
   "rule": "squid:S1134",
   "severity": "MAJOR",
   "status": "CLOSED",
   "tags": [
      "cwe"
   ],
   "textRange": {
      "endLine": 9,
      "endOffset": 11,
      "startLine": 9,
      "startOffset": 0
   },
   "type": "VULNERABILITY",
   "updateDate": "2018-06-29T05:08:06-0500"
}
===============
False
===============
===============
Comparing potential siblings:
{
   "author": "",
   "component": "test:issue-recovery:src/issuerecovery/IssueRecovery.java",
   "creationDate": "2018-06-29T05:08:26-0500",
   "flows": [],
   "hash": "8a96ff0a0ca139a595a66c8ba26efa93",
   "key": "AWRLA__VQZ5w2TS4xHWd",
   "line": 13,
   "message": "Complete the task associated to this TODO comment.",
   "organization": "default-organization",
   "project": "test:issue-recovery",
   "resolution": "FALSE-POSITIVE",
   "rule": "squid:S1135",
   "severity": "MAJOR",
   "status": "RESOLVED",
   "tags": [
      "cwe"
   ],
   "textRange": {
      "endLine": 13,
      "endOffset": 14,
      "startLine": 13,
      "startOffset": 0
   },
   "type": "CODE_SMELL",
   "updateDate": "2018-06-29T05:08:50-0500"
}
{
   "author": "",
   "closeDate": "2018-06-29T05:08:06-0500",
   "component": "test:issue-recovery:src/issuerecovery/IssueRecovery.java",
   "creationDate": "2018-06-29T05:00:30-0500",
   "flows": [],
   "hash": "e9580488990bb16dba2bbfdca23120d2",
   "key": "AWRK_LsnQZ5w2TS4xHV7",
   "message": "Take the required action to fix the issue indicated by this comment.",
   "organization": "default-organization",
   "project": "test:issue-recovery",
   "resolution": "FIXED",
   "rule": "squid:S1134",
   "severity": "MAJOR",
   "status": "CLOSED",
   "tags": [
      "cwe"
   ],
   "textRange": {
      "endLine": 9,
      "endOffset": 11,
      "startLine": 9,
      "startOffset": 0
   },
   "type": "VULNERABILITY",
   "updateDate": "2018-06-29T05:08:06-0500"
}
===============
False
===============
('Number of siblings: ', 1)
   Automatically applying changelog
   Not joking I am doing it
GLOBAL POST: 417f1914d95a81699b27a369cceb6e8d139f15b2@http://localhost:9674/api/issues/set_type?type=VULNERABILITY&issue=AWRLA__VQZ5w2TS4xHWe
GLOBAL POST: 417f1914d95a81699b27a369cceb6e8d139f15b2@http://localhost:9674/api/issues/do_transition?transition=wontfix&issue=AWRLA__VQZ5w2TS4xHWe
HTTP Error 400 from SonarQube API query
Closed sibling has no changelog
('Searching sibling for issue key: ', u'AWRK_LsnQZ5w2TS4xHV8')
===============
Comparing potential siblings:
{
   "author": "",
   "component": "test:issue-recovery:src/issuerecovery/IssueRecovery.java",
   "creationDate": "2018-06-29T05:08:26-0500",
   "debt": "5min",
   "effort": "5min",
   "flows": [],
   "hash": "181202701e94bdc85da4710c7d641b49",
   "key": "AWRLA__VQZ5w2TS4xHWf",
   "line": 7,
   "message": "Remove this unused \"i\" local variable.",
   "organization": "default-organization",
   "project": "test:issue-recovery",
   "rule": "squid:S1481",
   "severity": "MAJOR",
   "status": "OPEN",
   "tags": [
      "unused"
   ],
   "textRange": {
      "endLine": 7,
      "endOffset": 8,
      "startLine": 7,
      "startOffset": 7
   },
   "type": "CODE_SMELL",
   "updateDate": "2018-06-29T05:08:50-0500"
}
{
   "author": "",
   "closeDate": "2018-06-29T05:08:06-0500",
   "component": "test:issue-recovery:src/issuerecovery/IssueRecovery.java",
   "creationDate": "2018-06-29T05:00:30-0500",
   "debt": "5min",
   "effort": "5min",
   "flows": [],
   "hash": "636356636ee85114d2169693b9d802e0",
   "key": "AWRK_LsnQZ5w2TS4xHV8",
   "message": "Remove this unused \"k\" local variable.",
   "organization": "default-organization",
   "project": "test:issue-recovery",
   "resolution": "FIXED",
   "rule": "squid:S1481",
   "severity": "CRITICAL",
   "status": "CLOSED",
   "tags": [
      "unused"
   ],
   "textRange": {
      "endLine": 11,
      "endOffset": 8,
      "startLine": 11,
      "startOffset": 7
   },
   "type": "VULNERABILITY",
   "updateDate": "2018-06-29T05:08:06-0500"
}
===============
False
===============
===============
Comparing potential siblings:
{
   "author": "",
   "component": "test:issue-recovery:src/issuerecovery/IssueRecovery.java",
   "creationDate": "2018-06-29T05:08:26-0500",
   "flows": [],
   "hash": "e9580488990bb16dba2bbfdca23120d2",
   "key": "AWRLA__VQZ5w2TS4xHWe",
   "line": 9,
   "message": "Take the required action to fix the issue indicated by this comment.",
   "organization": "default-organization",
   "project": "test:issue-recovery",
   "resolution": "WONTFIX",
   "rule": "squid:S1134",
   "severity": "MAJOR",
   "status": "RESOLVED",
   "tags": [
      "cwe"
   ],
   "textRange": {
      "endLine": 9,
      "endOffset": 11,
      "startLine": 9,
      "startOffset": 0
   },
   "type": "VULNERABILITY",
   "updateDate": "2018-06-29T05:08:50-0500"
}
{
   "author": "",
   "closeDate": "2018-06-29T05:08:06-0500",
   "component": "test:issue-recovery:src/issuerecovery/IssueRecovery.java",
   "creationDate": "2018-06-29T05:00:30-0500",
   "debt": "5min",
   "effort": "5min",
   "flows": [],
   "hash": "636356636ee85114d2169693b9d802e0",
   "key": "AWRK_LsnQZ5w2TS4xHV8",
   "message": "Remove this unused \"k\" local variable.",
   "organization": "default-organization",
   "project": "test:issue-recovery",
   "resolution": "FIXED",
   "rule": "squid:S1481",
   "severity": "CRITICAL",
   "status": "CLOSED",
   "tags": [
      "unused"
   ],
   "textRange": {
      "endLine": 11,
      "endOffset": 8,
      "startLine": 11,
      "startOffset": 7
   },
   "type": "VULNERABILITY",
   "updateDate": "2018-06-29T05:08:06-0500"
}
===============
False
===============
===============
Comparing potential siblings:
{
   "author": "",
   "component": "test:issue-recovery:src/issuerecovery/IssueRecovery.java",
   "creationDate": "2018-06-29T05:08:26-0500",
   "debt": "5min",
   "effort": "5min",
   "flows": [],
   "hash": "46e2755f90ea199a7c30e716aaccdb4f",
   "key": "AWRLA__VQZ5w2TS4xHWg",
   "line": 11,
   "message": "Remove this unused \"k\" local variable.",
   "organization": "default-organization",
   "project": "test:issue-recovery",
   "rule": "squid:S1481",
   "severity": "MINOR",
   "status": "OPEN",
   "tags": [
      "unused"
   ],
   "textRange": {
      "endLine": 11,
      "endOffset": 8,
      "startLine": 11,
      "startOffset": 7
   },
   "type": "CODE_SMELL",
   "updateDate": "2018-06-29T05:08:26-0500"
}
{
   "author": "",
   "closeDate": "2018-06-29T05:08:06-0500",
   "component": "test:issue-recovery:src/issuerecovery/IssueRecovery.java",
   "creationDate": "2018-06-29T05:00:30-0500",
   "debt": "5min",
   "effort": "5min",
   "flows": [],
   "hash": "636356636ee85114d2169693b9d802e0",
   "key": "AWRK_LsnQZ5w2TS4xHV8",
   "message": "Remove this unused \"k\" local variable.",
   "organization": "default-organization",
   "project": "test:issue-recovery",
   "resolution": "FIXED",
   "rule": "squid:S1481",
   "severity": "CRITICAL",
   "status": "CLOSED",
   "tags": [
      "unused"
   ],
   "textRange": {
      "endLine": 11,
      "endOffset": 8,
      "startLine": 11,
      "startOffset": 7
   },
   "type": "VULNERABILITY",
   "updateDate": "2018-06-29T05:08:06-0500"
}
===============
False
===============
===============
Comparing potential siblings:
{
   "author": "",
   "component": "test:issue-recovery:src/issuerecovery/IssueRecovery.java",
   "creationDate": "2018-06-29T05:08:26-0500",
   "debt": "15min",
   "effort": "15min",
   "flows": [],
   "hash": "46e2755f90ea199a7c30e716aaccdb4f",
   "key": "AWRLA__VQZ5w2TS4xHWh",
   "line": 11,
   "message": "Remove this useless assignment to local variable \"k\".",
   "organization": "default-organization",
   "project": "test:issue-recovery",
   "rule": "squid:S1854",
   "severity": "MAJOR",
   "status": "OPEN",
   "tags": [
      "cert",
      "cwe",
      "unused"
   ],
   "textRange": {
      "endLine": 11,
      "endOffset": 12,
      "startLine": 11,
      "startOffset": 9
   },
   "type": "BUG",
   "updateDate": "2018-06-29T05:08:50-0500"
}
{
   "author": "",
   "closeDate": "2018-06-29T05:08:06-0500",
   "component": "test:issue-recovery:src/issuerecovery/IssueRecovery.java",
   "creationDate": "2018-06-29T05:00:30-0500",
   "debt": "5min",
   "effort": "5min",
   "flows": [],
   "hash": "636356636ee85114d2169693b9d802e0",
   "key": "AWRK_LsnQZ5w2TS4xHV8",
   "message": "Remove this unused \"k\" local variable.",
   "organization": "default-organization",
   "project": "test:issue-recovery",
   "resolution": "FIXED",
   "rule": "squid:S1481",
   "severity": "CRITICAL",
   "status": "CLOSED",
   "tags": [
      "unused"
   ],
   "textRange": {
      "endLine": 11,
      "endOffset": 8,
      "startLine": 11,
      "startOffset": 7
   },
   "type": "VULNERABILITY",
   "updateDate": "2018-06-29T05:08:06-0500"
}
===============
False
===============
===============
Comparing potential siblings:
{
   "author": "",
   "component": "test:issue-recovery:src/issuerecovery/IssueRecovery.java",
   "creationDate": "2018-06-29T05:08:26-0500",
   "flows": [],
   "hash": "8a96ff0a0ca139a595a66c8ba26efa93",
   "key": "AWRLA__VQZ5w2TS4xHWd",
   "line": 13,
   "message": "Complete the task associated to this TODO comment.",
   "organization": "default-organization",
   "project": "test:issue-recovery",
   "resolution": "FALSE-POSITIVE",
   "rule": "squid:S1135",
   "severity": "MAJOR",
   "status": "RESOLVED",
   "tags": [
      "cwe"
   ],
   "textRange": {
      "endLine": 13,
      "endOffset": 14,
      "startLine": 13,
      "startOffset": 0
   },
   "type": "CODE_SMELL",
   "updateDate": "2018-06-29T05:08:50-0500"
}
{
   "author": "",
   "closeDate": "2018-06-29T05:08:06-0500",
   "component": "test:issue-recovery:src/issuerecovery/IssueRecovery.java",
   "creationDate": "2018-06-29T05:00:30-0500",
   "debt": "5min",
   "effort": "5min",
   "flows": [],
   "hash": "636356636ee85114d2169693b9d802e0",
   "key": "AWRK_LsnQZ5w2TS4xHV8",
   "message": "Remove this unused \"k\" local variable.",
   "organization": "default-organization",
   "project": "test:issue-recovery",
   "resolution": "FIXED",
   "rule": "squid:S1481",
   "severity": "CRITICAL",
   "status": "CLOSED",
   "tags": [
      "unused"
   ],
   "textRange": {
      "endLine": 11,
      "endOffset": 8,
      "startLine": 11,
      "startOffset": 7
   },
   "type": "VULNERABILITY",
   "updateDate": "2018-06-29T05:08:06-0500"
}
===============
False
===============
('Number of siblings: ', 0)
('Searching sibling for issue key: ', u'AWRK_LsnQZ5w2TS4xHV9')
===============
Comparing potential siblings:
{
   "author": "",
   "component": "test:issue-recovery:src/issuerecovery/IssueRecovery.java",
   "creationDate": "2018-06-29T05:08:26-0500",
   "debt": "5min",
   "effort": "5min",
   "flows": [],
   "hash": "181202701e94bdc85da4710c7d641b49",
   "key": "AWRLA__VQZ5w2TS4xHWf",
   "line": 7,
   "message": "Remove this unused \"i\" local variable.",
   "organization": "default-organization",
   "project": "test:issue-recovery",
   "rule": "squid:S1481",
   "severity": "MAJOR",
   "status": "OPEN",
   "tags": [
      "unused"
   ],
   "textRange": {
      "endLine": 7,
      "endOffset": 8,
      "startLine": 7,
      "startOffset": 7
   },
   "type": "CODE_SMELL",
   "updateDate": "2018-06-29T05:08:50-0500"
}
{
   "author": "",
   "closeDate": "2018-06-29T05:08:06-0500",
   "component": "test:issue-recovery:src/issuerecovery/IssueRecovery.java",
   "creationDate": "2018-06-29T05:00:30-0500",
   "debt": "15min",
   "effort": "15min",
   "flows": [],
   "hash": "46e2755f90ea199a7c30e716aaccdb4f",
   "key": "AWRK_LsnQZ5w2TS4xHV9",
   "message": "Remove this useless assignment to local variable \"k\".",
   "organization": "default-organization",
   "project": "test:issue-recovery",
   "resolution": "FIXED",
   "rule": "squid:S1854",
   "severity": "MAJOR",
   "status": "CLOSED",
   "tags": [
      "cert",
      "cwe",
      "unused"
   ],
   "textRange": {
      "endLine": 11,
      "endOffset": 12,
      "startLine": 11,
      "startOffset": 9
   },
   "type": "BUG",
   "updateDate": "2018-06-29T05:08:06-0500"
}
===============
False
===============
===============
Comparing potential siblings:
{
   "author": "",
   "component": "test:issue-recovery:src/issuerecovery/IssueRecovery.java",
   "creationDate": "2018-06-29T05:08:26-0500",
   "flows": [],
   "hash": "e9580488990bb16dba2bbfdca23120d2",
   "key": "AWRLA__VQZ5w2TS4xHWe",
   "line": 9,
   "message": "Take the required action to fix the issue indicated by this comment.",
   "organization": "default-organization",
   "project": "test:issue-recovery",
   "resolution": "WONTFIX",
   "rule": "squid:S1134",
   "severity": "MAJOR",
   "status": "RESOLVED",
   "tags": [
      "cwe"
   ],
   "textRange": {
      "endLine": 9,
      "endOffset": 11,
      "startLine": 9,
      "startOffset": 0
   },
   "type": "VULNERABILITY",
   "updateDate": "2018-06-29T05:08:50-0500"
}
{
   "author": "",
   "closeDate": "2018-06-29T05:08:06-0500",
   "component": "test:issue-recovery:src/issuerecovery/IssueRecovery.java",
   "creationDate": "2018-06-29T05:00:30-0500",
   "debt": "15min",
   "effort": "15min",
   "flows": [],
   "hash": "46e2755f90ea199a7c30e716aaccdb4f",
   "key": "AWRK_LsnQZ5w2TS4xHV9",
   "message": "Remove this useless assignment to local variable \"k\".",
   "organization": "default-organization",
   "project": "test:issue-recovery",
   "resolution": "FIXED",
   "rule": "squid:S1854",
   "severity": "MAJOR",
   "status": "CLOSED",
   "tags": [
      "cert",
      "cwe",
      "unused"
   ],
   "textRange": {
      "endLine": 11,
      "endOffset": 12,
      "startLine": 11,
      "startOffset": 9
   },
   "type": "BUG",
   "updateDate": "2018-06-29T05:08:06-0500"
}
===============
False
===============
===============
Comparing potential siblings:
{
   "author": "",
   "component": "test:issue-recovery:src/issuerecovery/IssueRecovery.java",
   "creationDate": "2018-06-29T05:08:26-0500",
   "debt": "5min",
   "effort": "5min",
   "flows": [],
   "hash": "46e2755f90ea199a7c30e716aaccdb4f",
   "key": "AWRLA__VQZ5w2TS4xHWg",
   "line": 11,
   "message": "Remove this unused \"k\" local variable.",
   "organization": "default-organization",
   "project": "test:issue-recovery",
   "rule": "squid:S1481",
   "severity": "MINOR",
   "status": "OPEN",
   "tags": [
      "unused"
   ],
   "textRange": {
      "endLine": 11,
      "endOffset": 8,
      "startLine": 11,
      "startOffset": 7
   },
   "type": "CODE_SMELL",
   "updateDate": "2018-06-29T05:08:26-0500"
}
{
   "author": "",
   "closeDate": "2018-06-29T05:08:06-0500",
   "component": "test:issue-recovery:src/issuerecovery/IssueRecovery.java",
   "creationDate": "2018-06-29T05:00:30-0500",
   "debt": "15min",
   "effort": "15min",
   "flows": [],
   "hash": "46e2755f90ea199a7c30e716aaccdb4f",
   "key": "AWRK_LsnQZ5w2TS4xHV9",
   "message": "Remove this useless assignment to local variable \"k\".",
   "organization": "default-organization",
   "project": "test:issue-recovery",
   "resolution": "FIXED",
   "rule": "squid:S1854",
   "severity": "MAJOR",
   "status": "CLOSED",
   "tags": [
      "cert",
      "cwe",
      "unused"
   ],
   "textRange": {
      "endLine": 11,
      "endOffset": 12,
      "startLine": 11,
      "startOffset": 9
   },
   "type": "BUG",
   "updateDate": "2018-06-29T05:08:06-0500"
}
===============
False
===============
===============
Comparing potential siblings:
{
   "author": "",
   "component": "test:issue-recovery:src/issuerecovery/IssueRecovery.java",
   "creationDate": "2018-06-29T05:08:26-0500",
   "debt": "15min",
   "effort": "15min",
   "flows": [],
   "hash": "46e2755f90ea199a7c30e716aaccdb4f",
   "key": "AWRLA__VQZ5w2TS4xHWh",
   "line": 11,
   "message": "Remove this useless assignment to local variable \"k\".",
   "organization": "default-organization",
   "project": "test:issue-recovery",
   "rule": "squid:S1854",
   "severity": "MAJOR",
   "status": "OPEN",
   "tags": [
      "cert",
      "cwe",
      "unused"
   ],
   "textRange": {
      "endLine": 11,
      "endOffset": 12,
      "startLine": 11,
      "startOffset": 9
   },
   "type": "BUG",
   "updateDate": "2018-06-29T05:08:50-0500"
}
{
   "author": "",
   "closeDate": "2018-06-29T05:08:06-0500",
   "component": "test:issue-recovery:src/issuerecovery/IssueRecovery.java",
   "creationDate": "2018-06-29T05:00:30-0500",
   "debt": "15min",
   "effort": "15min",
   "flows": [],
   "hash": "46e2755f90ea199a7c30e716aaccdb4f",
   "key": "AWRK_LsnQZ5w2TS4xHV9",
   "message": "Remove this useless assignment to local variable \"k\".",
   "organization": "default-organization",
   "project": "test:issue-recovery",
   "resolution": "FIXED",
   "rule": "squid:S1854",
   "severity": "MAJOR",
   "status": "CLOSED",
   "tags": [
      "cert",
      "cwe",
      "unused"
   ],
   "textRange": {
      "endLine": 11,
      "endOffset": 12,
      "startLine": 11,
      "startOffset": 9
   },
   "type": "BUG",
   "updateDate": "2018-06-29T05:08:06-0500"
}
===============
True
===============
===============
Comparing potential siblings:
{
   "author": "",
   "component": "test:issue-recovery:src/issuerecovery/IssueRecovery.java",
   "creationDate": "2018-06-29T05:08:26-0500",
   "flows": [],
   "hash": "8a96ff0a0ca139a595a66c8ba26efa93",
   "key": "AWRLA__VQZ5w2TS4xHWd",
   "line": 13,
   "message": "Complete the task associated to this TODO comment.",
   "organization": "default-organization",
   "project": "test:issue-recovery",
   "resolution": "FALSE-POSITIVE",
   "rule": "squid:S1135",
   "severity": "MAJOR",
   "status": "RESOLVED",
   "tags": [
      "cwe"
   ],
   "textRange": {
      "endLine": 13,
      "endOffset": 14,
      "startLine": 13,
      "startOffset": 0
   },
   "type": "CODE_SMELL",
   "updateDate": "2018-06-29T05:08:50-0500"
}
{
   "author": "",
   "closeDate": "2018-06-29T05:08:06-0500",
   "component": "test:issue-recovery:src/issuerecovery/IssueRecovery.java",
   "creationDate": "2018-06-29T05:00:30-0500",
   "debt": "15min",
   "effort": "15min",
   "flows": [],
   "hash": "46e2755f90ea199a7c30e716aaccdb4f",
   "key": "AWRK_LsnQZ5w2TS4xHV9",
   "message": "Remove this useless assignment to local variable \"k\".",
   "organization": "default-organization",
   "project": "test:issue-recovery",
   "resolution": "FIXED",
   "rule": "squid:S1854",
   "severity": "MAJOR",
   "status": "CLOSED",
   "tags": [
      "cert",
      "cwe",
      "unused"
   ],
   "textRange": {
      "endLine": 11,
      "endOffset": 12,
      "startLine": 11,
      "startOffset": 9
   },
   "type": "BUG",
   "updateDate": "2018-06-29T05:08:06-0500"
}
===============
False
===============
('Number of siblings: ', 1)
   Automatically applying changelog
   Not joking I am doing it
GLOBAL POST: 417f1914d95a81699b27a369cceb6e8d139f15b2@http://localhost:9674/api/issues/set_type?type=BUG&issue=AWRLA__VQZ5w2TS4xHWh
Closed sibling has no changelog
